
Attaching package: ‘dplyr’

The following objects are masked from ‘package:stats’:

    filter, lag

The following objects are masked from ‘package:base’:

    intersect, setdiff, setequal, union

[1] "Phenotype data:"
  subject_ID lung_function age gender cell_counts  race
1  subject_1      74.39524  49 Female    3.906410 Race2
2  subject_2      77.69823  49   Male    5.192442 Race1
3  subject_3      95.58708  71 Female    4.873840 Race3
4  subject_4      80.70508  44   Male    3.611568 Race3
5  subject_5      81.29288  35   Male    5.469902 Race3
6  subject_6      97.15065  43 Female    5.960382 Race2
[1] "CpG matrix data:"
      subject_1   subject_2  subject_3    subject_4   subject_5  subject_6
cpg1  1.4358605 -0.18537799  0.1388287 -1.874941181 -0.42488058 -1.2261858
cpg2 -0.4794401 -0.07935506  0.4363175  1.033792607  0.41423986 -0.3232131
cpg3  2.2891063  0.70220997  2.0128543 -0.001545644 -0.93554069  1.2401116
cpg4 -3.0377821  1.02610781  0.6261024 -1.087804780  1.17264318 -0.5115939
cpg5 -1.0435259 -0.90487124 -0.1089143 -0.810047010 -0.20936901 -0.6253838
cpg6  0.2465028 -2.17554647  0.5025017 -0.092169363 -0.07945132  0.9685027
      subject_7   subject_8  subject_9 subject_10  subject_11   subject_12
cpg1 -1.6423444  1.39614036 -1.9998850 -0.6829606 -0.28452350 -0.141264012
cpg2  1.0711195  0.10850278 -1.0156619 -0.8378765 -0.18840138 -0.002510327
cpg3 -0.8536148 -0.06398117 -0.3347185 -1.3137368 -1.24587045 -0.320292806
cpg4 -0.6216039 -1.02899014 -0.1828034 -1.2491584  1.94812828 -0.422278059
cpg5  0.3909004  0.81462028  1.3609705 -0.5941824  0.42402397 -0.185293162
cpg6 -1.0202550 -1.53258465 -0.7989553  1.5602343  0.04500189 -0.749887880
     subject_13 subject_14 subject_15 subject_16 subject_17 subject_18
cpg1 -0.5908242 -0.1071229 -0.6575331  0.2976844  0.1693389 -1.1629297
cpg2  0.3226787 -0.7526557  0.7203226 -1.1831532 -1.4788309 -0.1212452
cpg3  1.2523031 -0.8234587 -0.2969672 -0.2025732  0.7097079  0.9323008
cpg4  1.4419267 -0.4254697 -1.2604798  0.1439680  0.5446188  0.4815243
cpg5 -1.2947918 -1.6160494  0.5198607  0.4006458 -0.4623025  0.4137531
cpg6  0.6532948 -0.6507881  1.3631565  0.3987871 -1.1866006  0.3837841
     subject_19 subject_20  subject_21  subject_22 subject_23 subject_24
cpg1 -0.7786708  2.1576208  0.30359998  0.21712445 -0.9139582  1.8898787
cpg2 -0.7630407  1.1374727  0.38296416  1.05029897 -0.2834277 -0.8019731
cpg3  0.4466271 -2.0224260  1.40302335 -0.82752981 -0.1135066 -1.9140604
cpg4  2.4206568 -0.2748337  1.63804727  0.09803164 -0.6727500 -0.4683817
cpg5 -0.6356700  1.2488127 -0.07482766 -0.27012468 -0.6857386  1.0374310
cpg6 -1.1771548 -0.7177202 -0.18168068  1.63201883  2.1575635 -1.1393707
     subject_25 subject_26 subject_27  subject_28 subject_29 subject_30
cpg1  0.3393627  0.3787175 -0.1306290  1.46650867 -0.9147831  0.1220452
cpg2  0.1336352 -0.3395685  0.2659678  0.01105625 -0.5805440 -2.5070866
cpg3 -0.6479855  1.9935780 -0.5392014 -1.06967711 -2.2023483 -0.5412149
cpg4  1.4736678  0.2218757 -1.3959702 -0.56426693 -1.0699191  0.3709133
cpg5 -0.1549921 -0.6485543  0.4211471  2.91046910 -0.1504481  0.7946577
cpg6  0.3295925  0.8287664 -0.8797009  1.15785783  0.3131660 -0.1566609
     subject_31 subject_32 subject_33 subject_34  subject_35 subject_36
cpg1  0.9133369 -0.5661011  1.1072621  1.4272305  0.09685508  2.0311610
cpg2 -0.6067597 -0.1103088  1.6216179 -0.2227247  1.21099222 -0.9392321
cpg3  0.7087051 -0.3879881  0.7873136 -1.9166184 -0.23348285 -0.6520883
cpg4  2.2622301 -1.1162518  1.2660641  0.3898686 -1.02979940  0.1298458
cpg5  0.2742882 -1.3449716 -1.6950238 -0.2847880  0.04898343 -1.3471576
cpg6 -0.7592791  0.1864913  0.3684175 -0.6613805 -0.85442273 -0.6977166
     subject_37   subject_38  subject_39  subject_40  subject_41 subject_42
cpg1  0.3162047  0.089645208  0.06136952 -1.79372369  0.03876516 -1.3308066
cpg2 -2.3617169  0.834736904  0.45467675 -0.09765907  0.39028120  0.2475010
cpg3 -0.3272915  0.616824291 -1.84500293 -0.69056454 -0.12370773  0.1983978
cpg4 -0.8318094  0.206415571  0.81870740 -0.32509154 -0.04716501  1.4677157
cpg5 -0.2094955 -0.005021706  1.02073347 -0.53428912 -0.53151357  0.8989546
cpg6  1.2872321 -0.834220286 -0.43252511 -0.59924410 -0.02333885 -1.1502198
     subject_43 subject_44 subject_45 subject_46 subject_47 subject_48
cpg1  0.5474491 -0.2522483  0.3958343  0.6358186 -0.6701969 -0.4163594
cpg2 -1.9560219 -0.7631452 -0.9707910 -1.5616179 -1.0766702  0.8220523
cpg3  0.4244578  0.1433172 -0.7832436 -0.8679214 -2.0447268 -0.3581927
cpg4 -2.3434114 -0.4626059 -0.5330882 -0.8018732  0.4585169 -0.7903384
cpg5 -0.3094658 -0.5054366 -0.8535024  1.2304656  0.6115259  1.0125696
cpg6  0.5390931 -0.7303502  0.4754258 -1.3261897  1.0798907  0.7090047
     subject_49 subject_50 subject_51 subject_52 subject_53 subject_54
cpg1  0.6071293 -0.3486416  0.1833761  0.6430543  1.5584677 -1.6598694
cpg2 -0.1988834 -1.9692604  1.6746602 -1.1696467  0.5401041 -0.9566788
cpg3  0.3903463  1.9701966  0.2474816  0.4395531  0.6112162  0.3744627
cpg4 -0.3285297  1.3545769 -0.3185355 -1.5340947  0.5219912 -1.5218513
cpg5  1.2123463  0.5925975 -0.3082223 -0.9061772 -1.1662111  1.1850802
cpg6 -0.2310005  0.4697703 -0.9298311 -0.1664638  0.2843039 -1.2224407
      subject_55  subject_56 subject_57  subject_58 subject_59  subject_60
cpg1  0.07427076  1.09518526  0.4108806  2.73030508 -0.6593459  0.04849792
cpg2 -2.08370329  0.08809171  0.8534365 -0.06912352 -0.3727359  0.48899704
cpg3  0.77660665  0.39543804 -0.6573675  0.68201377 -0.1644742  0.51200262
cpg4 -0.05701906  0.33097548  1.2767689 -0.65543691 -0.6593142 -0.87369458
cpg5 -0.36188413 -0.06857256 -0.5372159 -1.40285780  1.2015886 -0.60593949
cpg6  0.13920404 -0.39458028 -1.9345113 -0.29565097 -0.9300766 -1.45162068
      subject_61 subject_62 subject_63 subject_64 subject_65 subject_66
cpg1  0.17704167 -0.1661940 -0.5338659  1.0774103  0.8320948  1.0491292
cpg2 -0.15204698  1.2240812 -1.2519551 -0.5019475 -1.3311789 -0.6107213
cpg3  0.01655956 -1.4739467  0.7650377 -1.1636575 -0.5327992 -0.5699897
cpg4 -0.23076694  0.6880418  0.2960862  0.9357163 -2.0319862  1.6657390
cpg5 -1.69125811  0.2530196  0.3044134  2.5916866  0.4190598  1.3703505
cpg6  1.00641073 -0.9090116 -1.0076767  0.8039832 -0.9012448 -0.7692195
     subject_67  subject_68  subject_69 subject_70  subject_71  subject_72
cpg1 -0.7706330 -0.00596932  1.68283629  0.7299200 -1.42297048  0.22049506
cpg2 -1.4857858  0.32502088  0.06247824 -1.4605796 -0.05375284  0.53762283
cpg3  0.2187382 -2.02255737  0.25625788 -0.6604278 -1.19588280  0.29092862
cpg4 -0.8064346 -0.36185320 -0.38924135  0.6350324 -0.73023891 -1.29383666
cpg5  0.7616605  0.81520225 -1.37204845 -0.3022986  1.28321467 -1.21401848
cpg6  0.7821989  1.07086670 -0.47093101 -1.2245796 -0.51854662  0.06280349
      subject_73  subject_74 subject_75 subject_76  subject_77 subject_78
cpg1  1.26227475 -3.09876356 -1.4766374  2.8023245 -0.02866465 -2.1513182
cpg2 -0.42787502 -0.02808960 -0.5571626 -0.1840268 -0.73523003 -0.8808814
cpg3 -0.52183638 -0.02844598  2.1579443  1.1415351 -1.21847892  0.4872876
cpg4  0.05885735  1.07326523 -0.3389154  0.7833955  0.41805053  0.4081513
cpg5 -0.01420468 -2.57981332  0.2322910 -1.1497771 -0.68984917 -1.0350194
cpg6  1.35618736  0.16480707 -0.9374381  0.4848827  0.12992082 -0.5617842
     subject_79 subject_80  subject_81 subject_82 subject_83 subject_84
cpg1 -0.2503096 -0.1333345 -0.03674611 -0.2713563  0.9120835  0.8651314
cpg2 -0.3130310 -0.1270584 -0.44066114  0.6111792  1.1008456 -0.2200211
cpg3  1.0036795  0.1528374 -0.28461756  0.5536730 -0.4555718 -0.1835112
cpg4  0.8827446 -0.5826738  1.99792116  2.1005137  0.2624502 -0.0805479
cpg5 -0.2539998 -0.5547412 -0.25647348  0.6038822 -0.1792497  0.1159525
cpg6  1.0746113 -0.3952264 -1.61771806 -0.2846547 -0.9669906 -0.4199547
     subject_85  subject_86  subject_87  subject_88 subject_89 subject_90
cpg1  1.9370353 -0.24154431  0.77175131 -1.41008029 -0.6294485 -1.3099159
cpg2  0.8054615  0.57584289  1.70043793 -0.03757917  0.8685450 -1.1389098
cpg3 -0.7465393 -1.14072115  0.34364609 -0.79192667  0.7353370 -0.8225814
cpg4 -0.5096817 -2.02803671  0.05178144  1.33950651 -0.4168629 -1.0587734
cpg5 -0.3040739 -0.08337637 -1.98528134  1.57064679 -0.5273876  1.3932481
cpg6  0.3006633 -1.31035579  1.11079390 -1.45400610 -0.9503189 -0.3024753
      subject_91 subject_92 subject_93 subject_94 subject_95  subject_96
cpg1  1.43527239 -2.2875052  0.1679474 -0.5325617 -0.9008687 -0.04281156
cpg2  0.58702985  1.5198748 -0.4753873  1.1509412  1.4003115 -0.42144787
cpg3  0.04252706  0.8339606  2.3732022 -0.2357124  2.1596176 -1.03830801
cpg4  0.66479740 -0.3298871 -1.7705113  0.5241325 -0.5223298 -1.39759616
cpg5 -1.78779225 -0.1630871 -0.8429639 -0.1818703 -1.5436130 -0.01133602
cpg6 -0.87494180  0.1490236  0.1637941  0.9512212  1.1882068 -0.43529109
     subject_97  subject_98 subject_99  subject_100
cpg1  1.2438791  0.94576542  0.9546499 -0.853998548
cpg2  0.8618764  0.56695100  0.8703691  1.205804993
cpg3 -0.8660421 -0.76718593  0.6953962 -0.347337510
cpg4  0.1578740 -0.86221452  0.9952396  0.063444157
cpg5 -0.4626387 -1.54587615 -0.5806298 -0.007955148
cpg6 -0.8408137 -0.02452676 -0.4914620  0.133392746
[1] "Running model for CpGs 41 to 50"
[1] "Results saved for CpGs 41 to 50"
